[CLIENT] Starting 6 IoT device simulators...
[CLIENT] Sensor 0 (Temperature Sensor) connected to DCP server
[CLIENT] Sensor 0 sent: 45.00
[CLIENT] Sensor 1 (Smoke Detector) connected to DCP server
[CLIENT] Sensor 1 sent: 37.00
[CLIENT] Sensor 2 (Motion Sensor) connected to DCP server
[CLIENT] Sensor 2 sent: 1.00
[CLIENT] Sensor 3 (Door Lock) connected to DCP server
[CLIENT] Sensor 3 sent: 0.00
[CLIENT] Sensor 4 (Humidity Sensor) connected to DCP server
[CLIENT] Sensor 4 sent: 60.00
[CLIENT] Sensor 5 (Light Sensor) connected to DCP server
[CLIENT] Sensor 5 sent: 969.00
[CLIENT] Sensor 0 sent: 35.00
[CLIENT] Sensor 1 sent: 17.00
[CLIENT] Sensor 2 sent: 0.00
[CLIENT] Sensor 3 sent: 0.00
[CLIENT] Sensor 4 sent: 84.00
[CLIENT] Sensor 5 sent: 93.00
[CLIENT] Sensor 0 sent: 32.00
[CLIENT] Sensor 1 sent: 35.00
[CLIENT] Sensor 2 sent: 0.00
[CLIENT] Sensor 3 sent: 0.00
[CLIENT] Sensor 4 sent: 87.00
[CLIENT] Sensor 5 sent: 872.00
[CLIENT] Sensor 0 sent: 28.00
[CLIENT] Sensor 1 sent: 53.00
[CLIENT] Sensor 2 sent: 0.00
[CLIENT] Sensor 3 sent: 0.00
[CLIENT] Sensor 4 sent: 82.00
[CLIENT] Sensor 5 sent: 24.00
[CLIENT] Sensor 0 sent: 45.00
[CLIENT] Sensor 1 sent: 31.00
[CLIENT] Sensor 2 sent: 1.00
[CLIENT] Sensor 3 sent: 1.00
[CLIENT] Sensor 4 sent: 73.00
[CLIENT] Sensor 5 sent: 127.00
[CLIENT] Sensor 0 sent: 23.00
[CLIENT] Sensor 1 sent: 43.00
[CLIENT] Sensor 2 sent: 0.00
[CLIENT] Sensor 3 sent: 1.00
[CLIENT] Sensor 4 sent: 52.00
[CLIENT] Sensor 5 sent: 865.00
[CLIENT] Sensor 0 sent: 39.00
[CLIENT] Sensor 1 sent: 78.00
[CLIENT] Sensor 2 sent: 0.00
[CLIENT] Sensor 3 sent: 1.00
[CLIENT] Sensor 4 sent: 77.00
[CLIENT] Sensor 5 sent: 883.00
[CLIENT] Sensor 0 sent: 43.00
[CLIENT] Sensor 1 sent: 86.00
[CLIENT] Sensor 2 sent: 0.00
[CLIENT] Sensor 3 sent: 1.00
[CLIENT] Sensor 4 sent: 60.00
[CLIENT] Sensor 5 sent: 71.00
[CLIENT] Sensor 0 sent: 21.00
[CLIENT] Sensor 1 sent: 14.00
[CLIENT] Sensor 2 sent: 1.00
[CLIENT] Sensor 3 sent: 1.00
[CLIENT] Sensor 4 sent: 73.00
[CLIENT] Sensor 5 sent: 112.00
[CLIENT] Sensor 0 sent: 47.00
[CLIENT] Sensor 1 sent: 48.00
[CLIENT] Sensor 2 sent: 1.00
[CLIENT] Sensor 3 sent: 1.00
[CLIENT] Sensor 4 sent: 49.00
[CLIENT] Sensor 5 sent: 68.00
[CLIENT] Sensor 0 sent: 30.00
[CLIENT] Sensor 1 sent: 94.00
[CLIENT] Sensor 2 sent: 0.00
[CLIENT] Sensor 3 sent: 0.00
[CLIENT] Sensor 4 sent: 54.00
[CLIENT] Sensor 5 sent: 181.00
[CLIENT] Sensor 0 sent: 33.00
[CLIENT] Sensor 1 sent: 43.00
[CLIENT] Sensor 2 sent: 1.00
[CLIENT] Sensor 3 sent: 1.00
[CLIENT] Sensor 4 sent: 73.00
[CLIENT] Sensor 5 sent: 558.00
[CLIENT] Sensor 0 sent: 32.00
[CLIENT] Sensor 1 sent: 85.00
[CLIENT] Sensor 2 sent: 1.00
[CLIENT] Sensor 3 sent: 1.00
[CLIENT] Sensor 4 sent: 87.00
[CLIENT] Sensor 5 sent: 174.00
[CLIENT] Sensor 0 sent: 16.00
[CLIENT] Sensor 1 sent: 42.00
[CLIENT] Sensor 2 sent: 0.00
[CLIENT] Sensor 3 sent: 1.00
[CLIENT] Sensor 4 sent: 39.00
[CLIENT] Sensor 5 sent: 938.00
[CLIENT] Sensor 0 sent: 33.00
[CLIENT] Sensor 1 sent: 21.00
[CLIENT] Sensor 2 sent: 1.00
[CLIENT] Sensor 3 sent: 0.00
[CLIENT] Sensor 4 sent: 45.00
[CLIENT] Sensor 5 sent: 568.00
[CLIENT] Sensor 0 sent: 29.00
[CLIENT] Sensor 1 sent: 41.00
[CLIENT] Sensor 2 sent: 0.00
[CLIENT] Sensor 3 sent: 0.00
[CLIENT] Sensor 4 sent: 69.00
[CLIENT] Sensor 5 sent: 359.00
[CLIENT] Sensor 0 sent: 22.00
[CLIENT] Sensor 1 sent: 44.00
[CLIENT] Sensor 2 sent: 1.00
[CLIENT] Sensor 3 sent: 1.00
[CLIENT] Sensor 4 sent: 80.00
[CLIENT] Sensor 5 sent: 64.00
[CLIENT] Sensor 0 sent: 22.00
[CLIENT] Sensor 1 sent: 27.00
[CLIENT] Sensor 2 sent: 1.00
[CLIENT] Sensor 3 sent: 0.00
[CLIENT] Sensor 4 sent: 67.00
[CLIENT] Sensor 5 sent: 645.00
[CLIENT] Sensor 0 sent: 46.00
[CLIENT] Sensor 1 sent: 59.00
[CLIENT] Sensor 2 sent: 0.00
[CLIENT] Sensor 3 sent: 0.00
[CLIENT] Sensor 4 sent: 73.00
[CLIENT] Sensor 5 sent: 533.00
[CLIENT] Sensor 0 sent: 45.00
[CLIENT] Sensor 1 sent: 40.00
[CLIENT] Sensor 2 sent: 1.00
[CLIENT] Sensor 3 sent: 0.00
[CLIENT] Sensor 4 sent: 75.00
[CLIENT] Sensor 5 sent: 616.00
[CLIENT] Sensor 0 sent: 48.00
[CLIENT] Sensor 1 sent: 26.00
[CLIENT] Sensor 2 sent: 1.00
[CLIENT] Sensor 3 sent: 1.00
[CLIENT] Sensor 4 sent: 46.00
[CLIENT] Sensor 5 sent: 126.00
[CLIENT] Sensor 0 sent: 21.00
[CLIENT] Sensor 1 sent: 47.00
[CLIENT] Sensor 2 sent: 1.00
[CLIENT] Sensor 3 sent: 1.00
[CLIENT] Sensor 4 sent: 44.00
[CLIENT] Sensor 5 sent: 963.00
[CLIENT] Sensor 0 sent: 46.00
[CLIENT] Sensor 1 sent: 63.00
[CLIENT] Sensor 2 sent: 1.00
[CLIENT] Sensor 3 sent: 1.00
[CLIENT] Sensor 4 sent: 85.00
[CLIENT] Sensor 5 sent: 804.00
[CLIENT] Sensor 0 sent: 37.00
[CLIENT] Sensor 1 sent: 40.00
[CLIENT] Sensor 2 sent: 1.00
[CLIENT] Sensor 3 sent: 1.00
[CLIENT] Sensor 4 sent: 80.00
[CLIENT] Sensor 5 sent: 336.00
[CLIENT] Sensor 0 sent: 35.00
[CLIENT] Sensor 1 sent: 98.00
[CLIENT] Sensor 2 sent: 0.00
[CLIENT] Sensor 3 sent: 0.00
[CLIENT] Sensor 4 sent: 52.00
[CLIENT] Sensor 5 sent: 173.00
[CLIENT] Sensor 0 sent: 47.00
[CLIENT] Sensor 1 sent: 28.00
[CLIENT] Sensor 2 sent: 0.00
[CLIENT] Sensor 3 sent: 0.00
[CLIENT] Sensor 4 sent: 25.00
[CLIENT] Sensor 5 sent: 934.00
[CLIENT] Sensor 0 sent: 37.00
[CLIENT] Sensor 1 sent: 29.00
[CLIENT] Sensor 2 sent: 1.00
[CLIENT] Sensor 3 sent: 0.00
[CLIENT] Sensor 4 sent: 30.00
[CLIENT] Sensor 5 sent: 509.00
[CLIENT] Sensor 0 sent: 22.00
[CLIENT] Sensor 1 sent: 7.00
[CLIENT] Sensor 2 sent: 1.00
[CLIENT] Sensor 3 sent: 1.00
[CLIENT] Sensor 4 sent: 70.00
[CLIENT] Sensor 5 sent: 119.00
[CLIENT] Sensor 0 sent: 21.00
[CLIENT] Sensor 1 sent: 93.00
[CLIENT] Sensor 2 sent: 1.00
[CLIENT] Sensor 3 sent: 1.00
[CLIENT] Sensor 4 sent: 61.00
[CLIENT] Sensor 5 sent: 485.00
[CLIENT] Sensor 0 sent: 32.00
[CLIENT] Sensor 1 sent: 43.00
[CLIENT] Sensor 2 sent: 0.00
[CLIENT] Sensor 3 sent: 0.00
[CLIENT] Sensor 4 sent: 30.00
[CLIENT] Sensor 5 sent: 617.00
[CLIENT] Sensor 0 sent: 24.00
[CLIENT] Sensor 1 sent: 57.00
[CLIENT] Sensor 2 sent: 1.00
[CLIENT] Sensor 3 sent: 1.00
[CLIENT] Sensor 4 sent: 84.00
[CLIENT] Sensor 5 sent: 403.00
[CLIENT] Sensor 0 sent: 33.00
[CLIENT] Sensor 1 sent: 67.00
[CLIENT] Sensor 2 sent: 1.00
[CLIENT] Sensor 3 sent: 0.00
[CLIENT] Sensor 4 sent: 76.00
[CLIENT] Sensor 5 sent: 219.00
[CLIENT] Sensor 0 sent: 46.00
[CLIENT] Sensor 1 sent: 29.00
[CLIENT] Sensor 2 sent: 0.00
[CLIENT] Sensor 3 sent: 1.00
[CLIENT] Sensor 4 sent: 69.00
[CLIENT] Sensor 5 sent: 706.00
[CLIENT] Sensor 0 sent: 42.00
[CLIENT] Sensor 1 sent: 13.00
[CLIENT] Sensor 2 sent: 1.00
[CLIENT] Sensor 3 sent: 0.00
[CLIENT] Sensor 4 sent: 52.00
[CLIENT] Sensor 5 sent: 803.00
[CLIENT] Sensor 0 sent: 32.00
[CLIENT] Sensor 1 sent: 64.00
[CLIENT] Sensor 2 sent: 0.00
[CLIENT] Sensor 3 sent: 0.00
[CLIENT] Sensor 4 sent: 65.00
[CLIENT] Sensor 5 sent: 485.00
[CLIENT] Sensor 0 sent: 37.00
[CLIENT] Sensor 1 sent: 79.00
[CLIENT] Sensor 2 sent: 1.00
[CLIENT] Sensor 3 sent: 1.00
[CLIENT] Sensor 4 sent: 74.00
[CLIENT] Sensor 5 sent: 645.00
[CLIENT] Sensor 0 sent: 48.00
[CLIENT] Sensor 1 sent: 80.00
[CLIENT] Sensor 2 sent: 1.00
[CLIENT] Sensor 3 sent: 1.00
[CLIENT] Sensor 4 sent: 79.00
[CLIENT] Sensor 5 sent: 208.00
[CLIENT] Sensor 0 sent: 43.00
[CLIENT] Sensor 1 sent: 9.00
[CLIENT] Sensor 2 sent: 1.00
[CLIENT] Sensor 3 sent: 0.00
[CLIENT] Sensor 4 sent: 30.00
[CLIENT] Sensor 5 sent: 737.00
[CLIENT] Sensor 0 sent: 42.00
[CLIENT] Sensor 1 sent: 12.00
[CLIENT] Sensor 2 sent: 0.00
[CLIENT] Sensor 3 sent: 1.00
[CLIENT] Sensor 4 sent: 72.00
[CLIENT] Sensor 5 sent: 399.00
[CLIENT] Sensor 0 sent: 43.00
[CLIENT] Sensor 1 sent: 87.00
[CLIENT] Sensor 2 sent: 0.00
[CLIENT] Sensor 3 sent: 1.00
[CLIENT] Sensor 4 sent: 27.00
[CLIENT] Sensor 5 sent: 111.00
[CLIENT] Sensor 0 sent: 45.00
[CLIENT] Sensor 1 sent: 31.00
[CLIENT] Sensor 2 sent: 0.00
[CLIENT] Sensor 3 sent: 0.00
[CLIENT] Sensor 4 sent: 75.00
[CLIENT] Sensor 5 sent: 137.00
[CLIENT] Sensor 0 sent: 43.00
[CLIENT] Sensor 1 sent: 37.00
[CLIENT] Sensor 2 sent: 1.00
[CLIENT] Sensor 3 sent: 1.00
[CLIENT] Sensor 4 sent: 54.00
[CLIENT] Sensor 5 sent: 861.00
[CLIENT] Sensor 0 sent: 32.00
[CLIENT] Sensor 1 sent: 75.00
[CLIENT] Sensor 2 sent: 0.00
[CLIENT] Sensor 3 sent: 0.00
[CLIENT] Sensor 4 sent: 20.00
[CLIENT] Sensor 5 sent: 621.00
[CLIENT] Sensor 0 sent: 25.00
[CLIENT] Sensor 1 sent: 54.00
[CLIENT] Sensor 2 sent: 0.00
[CLIENT] Sensor 3 sent: 1.00
[CLIENT] Sensor 4 sent: 69.00
[CLIENT] Sensor 5 sent: 939.00
[CLIENT] Sensor 0 sent: 45.00
[CLIENT] Sensor 1 sent: 38.00
[CLIENT] Sensor 2 sent: 0.00
[CLIENT] Sensor 3 sent: 1.00
[CLIENT] Sensor 4 sent: 88.00
[CLIENT] Sensor 5 sent: 315.00
[CLIENT] Sensor 0 sent: 26.00
[CLIENT] Sensor 1 sent: 36.00
[CLIENT] Sensor 2 sent: 0.00
[CLIENT] Sensor 3 sent: 1.00
[CLIENT] Sensor 4 sent: 33.00
[CLIENT] Sensor 5 sent: 420.00
[CLIENT] Sensor 0 sent: 36.00
[CLIENT] Sensor 1 sent: 18.00
[CLIENT] Sensor 2 sent: 0.00
[CLIENT] Sensor 3 sent: 1.00
[CLIENT] Sensor 4 sent: 82.00
[CLIENT] Sensor 5 sent: 49.00
[CLIENT] Sensor 0 sent: 21.00
[CLIENT] Sensor 1 sent: 75.00
[CLIENT] Sensor 2 sent: 1.00
[CLIENT] Sensor 3 sent: 1.00
[CLIENT] Sensor 4 sent: 75.00
[CLIENT] Sensor 5 sent: 180.00
[CLIENT] Sensor 0 sent: 48.00
[CLIENT] Sensor 1 sent: 56.00
[CLIENT] Sensor 2 sent: 1.00
[CLIENT] Sensor 3 sent: 1.00
[CLIENT] Sensor 4 sent: 41.00
[CLIENT] Sensor 5 sent: 512.00
[CLIENT] Sensor 0 sent: 27.00
[CLIENT] Sensor 1 sent: 32.00
[CLIENT] Sensor 2 sent: 1.00
[CLIENT] Sensor 3 sent: 1.00
[CLIENT] Sensor 4 sent: 63.00
[CLIENT] Sensor 5 sent: 114.00
[CLIENT] Sensor 0 sent: 26.00
[CLIENT] Sensor 1 sent: 36.00
[CLIENT] Sensor 2 sent: 1.00
[CLIENT] Sensor 3 sent: 0.00
[CLIENT] Sensor 4 sent: 41.00
[CLIENT] Sensor 5 sent: 859.00
[CLIENT] Sensor 0 sent: 26.00
[CLIENT] Sensor 1 sent: 5.00
[CLIENT] Sensor 2 sent: 0.00
[CLIENT] Sensor 3 sent: 0.00
[CLIENT] Sensor 4 sent: 43.00
[CLIENT] Sensor 5 sent: 897.00
[CLIENT] Sensor 0 sent: 22.00
[CLIENT] Sensor 1 sent: 79.00
[CLIENT] Sensor 2 sent: 1.00
[CLIENT] Sensor 3 sent: 1.00
[CLIENT] Sensor 4 sent: 69.00
[CLIENT] Sensor 5 sent: 220.00
[CLIENT] Sensor 0 sent: 22.00
[CLIENT] Sensor 1 sent: 22.00
[CLIENT] Sensor 2 sent: 0.00
[CLIENT] Sensor 3 sent: 1.00
[CLIENT] Sensor 4 sent: 51.00
[CLIENT] Sensor 5 sent: 106.00
[CLIENT] Sensor 0 sent: 17.00
[CLIENT] Sensor 1 sent: 46.00
[CLIENT] Sensor 2 sent: 1.00
[CLIENT] Sensor 3 sent: 1.00
[CLIENT] Sensor 4 sent: 30.00
[CLIENT] Sensor 5 sent: 831.00
[CLIENT] Sensor 0 sent: 18.00
[CLIENT] Sensor 1 sent: 33.00
[CLIENT] Sensor 2 sent: 0.00
[CLIENT] Sensor 3 sent: 0.00
[CLIENT] Sensor 4 sent: 81.00
[CLIENT] Sensor 5 sent: 836.00
[CLIENT] Sensor 0 sent: 33.00
[CLIENT] Sensor 1 sent: 34.00
[CLIENT] Sensor 2 sent: 1.00
[CLIENT] Sensor 3 sent: 1.00
[CLIENT] Sensor 4 sent: 63.00
[CLIENT] Sensor 5 sent: 274.00
[CLIENT] Sensor 0 sent: 25.00
[CLIENT] Sensor 1 sent: 64.00
[CLIENT] Sensor 2 sent: 0.00
[CLIENT] Sensor 3 sent: 1.00
[CLIENT] Sensor 4 sent: 20.00
[CLIENT] Sensor 5 sent: 291.00
[CLIENT] Sensor 0 sent: 36.00
[CLIENT] Sensor 1 sent: 93.00
[CLIENT] Sensor 2 sent: 1.00
[CLIENT] Sensor 3 sent: 1.00
[CLIENT] Sensor 4 sent: 20.00
[CLIENT] Sensor 5 sent: 931.00
[CLIENT] Sensor 0 sent: 30.00
[CLIENT] Sensor 1 sent: 82.00
[CLIENT] Sensor 2 sent: 0.00
[CLIENT] Sensor 3 sent: 0.00
[CLIENT] Sensor 4 sent: 35.00
[CLIENT] Sensor 5 sent: 467.00
[CLIENT] Sensor 0 sent: 33.00
[CLIENT] Sensor 1 sent: 8.00
[CLIENT] Sensor 2 sent: 1.00
[CLIENT] Sensor 3 sent: 1.00
[CLIENT] Sensor 4 sent: 39.00
[CLIENT] Sensor 5 sent: 370.00
[CLIENT] Sensor 0 sent: 25.00
[CLIENT] Sensor 1 sent: 52.00
[CLIENT] Sensor 2 sent: 0.00
[CLIENT] Sensor 3 sent: 1.00
[CLIENT] Sensor 4 sent: 72.00
[CLIENT] Sensor 5 sent: 504.00
[CLIENT] Sensor 0 sent: 17.00
[CLIENT] Sensor 1 sent: 72.00
[CLIENT] Sensor 2 sent: 1.00
[CLIENT] Sensor 3 sent: 1.00
[CLIENT] Sensor 4 sent: 37.00
[CLIENT] Sensor 5 sent: 11.00
[CLIENT] Sensor 0 sent: 41.00
[CLIENT] Sensor 1 sent: 19.00
[CLIENT] Sensor 2 sent: 0.00
[CLIENT] Sensor 3 sent: 1.00
[CLIENT] Sensor 4 sent: 26.00
[CLIENT] Sensor 5 sent: 704.00
[CLIENT] Sensor 0 sent: 16.00
[CLIENT] Sensor 1 sent: 13.00
[CLIENT] Sensor 2 sent: 1.00
[CLIENT] Sensor 3 sent: 1.00
[CLIENT] Sensor 4 sent: 64.00
[CLIENT] Sensor 5 sent: 364.00
[CLIENT] Sensor 0 sent: 41.00
[CLIENT] Sensor 1 sent: 63.00
[CLIENT] Sensor 2 sent: 0.00
[CLIENT] Sensor 3 sent: 0.00
[CLIENT] Sensor 4 sent: 32.00
[CLIENT] Sensor 5 sent: 645.00
[CLIENT] Sensor 0 sent: 38.00
[CLIENT] Sensor 1 sent: 24.00
[CLIENT] Sensor 2 sent: 1.00
[CLIENT] Sensor 3 sent: 0.00
[CLIENT] Sensor 4 sent: 51.00
[CLIENT] Sensor 5 sent: 233.00
[CLIENT] Sensor 0 sent: 28.00
[CLIENT] Sensor 1 sent: 98.00
[CLIENT] Sensor 2 sent: 0.00
[CLIENT] Sensor 3 sent: 1.00
[CLIENT] Sensor 4 sent: 28.00
[CLIENT] Sensor 5 sent: 455.00
[CLIENT] Sensor 0 sent: 16.00
[CLIENT] Sensor 1 sent: 47.00
[CLIENT] Sensor 2 sent: 1.00
[CLIENT] Sensor 3 sent: 1.00
[CLIENT] Sensor 4 sent: 70.00
[CLIENT] Sensor 5 sent: 76.00
[CLIENT] Sensor 0 sent: 34.00
[CLIENT] Sensor 1 sent: 4.00
[CLIENT] Sensor 2 sent: 1.00
[CLIENT] Sensor 3 sent: 0.00
[CLIENT] Sensor 4 sent: 89.00
[CLIENT] Sensor 5 sent: 882.00
[CLIENT] Sensor 0 sent: 42.00
[CLIENT] Sensor 1 sent: 62.00
[CLIENT] Sensor 2 sent: 1.00
[CLIENT] Sensor 3 sent: 1.00
[CLIENT] Sensor 4 sent: 20.00
[CLIENT] Sensor 5 sent: 9.00
[CLIENT] Sensor 0 sent: 22.00
[CLIENT] Sensor 1 sent: 81.00
[CLIENT] Sensor 2 sent: 0.00
[CLIENT] Sensor 3 sent: 0.00
[CLIENT] Sensor 4 sent: 59.00
[CLIENT] Sensor 5 sent: 422.00
[CLIENT] Sensor 0 sent: 44.00
[CLIENT] Sensor 1 sent: 77.00
[CLIENT] Sensor 2 sent: 1.00
[CLIENT] Sensor 3 sent: 0.00
[CLIENT] Sensor 4 sent: 36.00
[CLIENT] Sensor 5 sent: 217.00
[CLIENT] Sensor 0 sent: 22.00
[CLIENT] Sensor 1 sent: 66.00
[CLIENT] Sensor 2 sent: 0.00
[CLIENT] Sensor 3 sent: 1.00
[CLIENT] Sensor 4 sent: 29.00
[CLIENT] Sensor 5 sent: 225.00
[CLIENT] Sensor 0 sent: 42.00
[CLIENT] Sensor 1 sent: 18.00
[CLIENT] Sensor 2 sent: 1.00
[CLIENT] Sensor 3 sent: 0.00
[CLIENT] Sensor 4 sent: 56.00
[CLIENT] Sensor 5 sent: 853.00
[CLIENT] Sensor 0 sent: 31.00
[CLIENT] Sensor 1 sent: 66.00
[CLIENT] Sensor 2 sent: 0.00
[CLIENT] Sensor 3 sent: 0.00
[CLIENT] Sensor 4 sent: 28.00
[CLIENT] Sensor 5 sent: 810.00
[CLIENT] Sensor 0 sent: 46.00
[CLIENT] Sensor 1 sent: 47.00
[CLIENT] Sensor 2 sent: 0.00
[CLIENT] Sensor 3 sent: 0.00
[CLIENT] Sensor 4 sent: 79.00
[CLIENT] Sensor 5 sent: 757.00
[CLIENT] Sensor 0 sent: 21.00
[CLIENT] Sensor 1 sent: 97.00
[CLIENT] Sensor 2 sent: 0.00
[CLIENT] Sensor 3 sent: 0.00
[CLIENT] Sensor 4 sent: 40.00
[CLIENT] Sensor 5 sent: 913.00
[CLIENT] Sensor 0 sent: 15.00
[CLIENT] Sensor 1 sent: 11.00
[CLIENT] Sensor 2 sent: 0.00
[CLIENT] Sensor 3 sent: 0.00
[CLIENT] Sensor 4 sent: 75.00
[CLIENT] Sensor 5 sent: 314.00
[CLIENT] Sensor 0 sent: 27.00
[CLIENT] Sensor 1 sent: 83.00
[CLIENT] Sensor 2 sent: 1.00
[CLIENT] Sensor 3 sent: 1.00
[CLIENT] Sensor 4 sent: 43.00
[CLIENT] Sensor 5 sent: 743.00
[CLIENT] Sensor 0 sent: 37.00
[CLIENT] Sensor 1 sent: 42.00
[CLIENT] Sensor 2 sent: 0.00
[CLIENT] Sensor 3 sent: 1.00
[CLIENT] Sensor 4 sent: 68.00
[CLIENT] Sensor 5 sent: 318.00
[CLIENT] Sensor 0 sent: 38.00
[CLIENT] Sensor 1 sent: 0.00
[CLIENT] Sensor 2 sent: 1.00
[CLIENT] Sensor 3 sent: 0.00
[CLIENT] Sensor 4 sent: 61.00
[CLIENT] Sensor 5 sent: 862.00
[CLIENT] Sensor 0 sent: 15.00
[CLIENT] Sensor 1 sent: 74.00
[CLIENT] Sensor 2 sent: 0.00
[CLIENT] Sensor 3 sent: 1.00
[CLIENT] Sensor 4 sent: 64.00
[CLIENT] Sensor 5 sent: 739.00
[CLIENT] Sensor 0 sent: 17.00
[CLIENT] Sensor 1 sent: 12.00
[CLIENT] Sensor 2 sent: 0.00
[CLIENT] Sensor 3 sent: 0.00
[CLIENT] Sensor 4 sent: 75.00
[CLIENT] Sensor 5 sent: 167.00
[CLIENT] Sensor 0 sent: 32.00
[CLIENT] Sensor 1 sent: 59.00
[CLIENT] Sensor 2 sent: 1.00
[CLIENT] Sensor 3 sent: 1.00
[CLIENT] Sensor 4 sent: 49.00
[CLIENT] Sensor 5 sent: 637.00
[CLIENT] Sensor 0 sent: 42.00
[CLIENT] Sensor 1 sent: 7.00
[CLIENT] Sensor 2 sent: 1.00
[CLIENT] Sensor 3 sent: 1.00
[CLIENT] Sensor 4 sent: 62.00
[CLIENT] Sensor 5 sent: 633.00
[CLIENT] Sensor 0 sent: 47.00
[CLIENT] Sensor 1 sent: 35.00
[CLIENT] Sensor 2 sent: 1.00
[CLIENT] Sensor 3 sent: 0.00
[CLIENT] Sensor 4 sent: 31.00
[CLIENT] Sensor 5 sent: 129.00
[CLIENT] Sensor 0 sent: 44.00
[CLIENT] Sensor 1 sent: 38.00
[CLIENT] Sensor 2 sent: 0.00
[CLIENT] Sensor 3 sent: 0.00
[CLIENT] Sensor 4 sent: 28.00
[CLIENT] Sensor 5 sent: 448.00
[CLIENT] Sensor 0 sent: 49.00
[CLIENT] Sensor 1 sent: 4.00
[CLIENT] Sensor 2 sent: 0.00
[CLIENT] Sensor 3 sent: 1.00
[CLIENT] Sensor 4 sent: 21.00
[CLIENT] Sensor 5 sent: 398.00
[CLIENT] Sensor 0 sent: 36.00
[CLIENT] Sensor 1 sent: 52.00
[CLIENT] Sensor 2 sent: 1.00
[CLIENT] Sensor 3 sent: 0.00
[CLIENT] Sensor 4 sent: 52.00
[CLIENT] Sensor 5 sent: 519.00
[CLIENT] Sensor 0 sent: 29.00
[CLIENT] Sensor 1 sent: 76.00
[CLIENT] Sensor 2 sent: 0.00
[CLIENT] Sensor 3 sent: 0.00
[CLIENT] Sensor 4 sent: 70.00
[CLIENT] Sensor 5 sent: 50.00
[CLIENT] Sensor 0 sent: 40.00
[CLIENT] Sensor 1 sent: 23.00
[CLIENT] Sensor 2 sent: 1.00
[CLIENT] Sensor 3 sent: 0.00
[CLIENT] Sensor 4 sent: 63.00
[CLIENT] Sensor 5 sent: 643.00
[CLIENT] Sensor 0 sent: 45.00
[CLIENT] Sensor 1 sent: 82.00
[CLIENT] Sensor 2 sent: 1.00
[CLIENT] Sensor 3 sent: 1.00
[CLIENT] Sensor 4 sent: 23.00
[CLIENT] Sensor 5 sent: 364.00
[CLIENT] Sensor 0 sent: 41.00
[CLIENT] Sensor 1 sent: 46.00
[CLIENT] Sensor 2 sent: 0.00
[CLIENT] Sensor 3 sent: 1.00
[CLIENT] Sensor 4 sent: 42.00
[CLIENT] Sensor 5 sent: 875.00
[CLIENT] Sensor 0 sent: 18.00
[CLIENT] Sensor 1 sent: 96.00
[CLIENT] Sensor 2 sent: 1.00
[CLIENT] Sensor 3 sent: 1.00
[CLIENT] Sensor 4 sent: 23.00
[CLIENT] Sensor 5 sent: 505.00
[CLIENT] Sensor 0 sent: 47.00
[CLIENT] Sensor 1 sent: 3.00
[CLIENT] Sensor 2 sent: 1.00
[CLIENT] Sensor 3 sent: 0.00
[CLIENT] Sensor 4 sent: 40.00
[CLIENT] Sensor 5 sent: 391.00
[CLIENT] Sensor 0 sent: 39.00
[CLIENT] Sensor 1 sent: 93.00
[CLIENT] Sensor 2 sent: 0.00
[CLIENT] Sensor 3 sent: 0.00
[CLIENT] Sensor 4 sent: 61.00
[CLIENT] Sensor 5 sent: 829.00
[CLIENT] Sensor 0 sent: 48.00
[CLIENT] Sensor 1 sent: 45.00
[CLIENT] Sensor 2 sent: 1.00
[CLIENT] Sensor 3 sent: 0.00
[CLIENT] Sensor 4 sent: 59.00
[CLIENT] Sensor 5 sent: 583.00
[CLIENT] Sensor 0 sent: 42.00
[CLIENT] Sensor 1 sent: 13.00
[CLIENT] Sensor 2 sent: 1.00
[CLIENT] Sensor 3 sent: 0.00
[CLIENT] Sensor 4 sent: 80.00
[CLIENT] Sensor 5 sent: 729.00
[CLIENT] Sensor 0 sent: 28.00
[CLIENT] Sensor 1 sent: 13.00
[CLIENT] Sensor 2 sent: 0.00
[CLIENT] Sensor 3 sent: 0.00
[CLIENT] Sensor 4 sent: 63.00
[CLIENT] Sensor 5 sent: 138.00
[CLIENT] Sensor 0 sent: 15.00
[CLIENT] Sensor 1 sent: 83.00
[CLIENT] Sensor 2 sent: 1.00
[CLIENT] Sensor 3 sent: 0.00
[CLIENT] Sensor 4 sent: 27.00
[CLIENT] Sensor 5 sent: 556.00
[CLIENT] Sensor 0 sent: 24.00
[CLIENT] Sensor 1 sent: 49.00
[CLIENT] Sensor 2 sent: 1.00
[CLIENT] Sensor 3 sent: 1.00
[CLIENT] Sensor 4 sent: 50.00
[CLIENT] Sensor 5 sent: 736.00
[CLIENT] Sensor 0 sent: 19.00
[CLIENT] Sensor 1 sent: 42.00
[CLIENT] Sensor 2 sent: 1.00
[CLIENT] Sensor 3 sent: 1.00
[CLIENT] Sensor 4 sent: 70.00
[CLIENT] Sensor 5 sent: 383.00
[CLIENT] Sensor 0 sent: 30.00
[CLIENT] Sensor 1 sent: 40.00
[CLIENT] Sensor 2 sent: 0.00
[CLIENT] Sensor 3 sent: 0.00
[CLIENT] Sensor 4 sent: 30.00
[CLIENT] Sensor 5 sent: 24.00
[CLIENT] Sensor 0 sent: 15.00
[CLIENT] Sensor 1 sent: 95.00
[CLIENT] Sensor 2 sent: 1.00
[CLIENT] Sensor 3 sent: 1.00
[CLIENT] Sensor 4 sent: 52.00
[CLIENT] Sensor 5 sent: 619.00
[CLIENT] Sensor 0 sent: 37.00
[CLIENT] Sensor 1 sent: 12.00
[CLIENT] Sensor 2 sent: 0.00
[CLIENT] Sensor 3 sent: 1.00
[CLIENT] Sensor 4 sent: 45.00
[CLIENT] Sensor 5 sent: 732.00
[CLIENT] Sensor 0 sent: 24.00
[CLIENT] Sensor 1 sent: 96.00
[CLIENT] Sensor 2 sent: 0.00
[CLIENT] Sensor 3 sent: 0.00
[CLIENT] Sensor 4 sent: 80.00
[CLIENT] Sensor 5 sent: 380.00
[CLIENT] Sensor 0 sent: 40.00
[CLIENT] Sensor 1 sent: 70.00
[CLIENT] Sensor 2 sent: 1.00
[CLIENT] Sensor 3 sent: 1.00
[CLIENT] Sensor 4 sent: 50.00
[CLIENT] Sensor 5 sent: 315.00
[CLIENT] Sensor 0 sent: 49.00
[CLIENT] Sensor 1 sent: 30.00
[CLIENT] Sensor 2 sent: 0.00
[CLIENT] Sensor 3 sent: 0.00
[CLIENT] Sensor 4 sent: 63.00
[CLIENT] Sensor 5 sent: 71.00
[CLIENT] Sensor 0 sent: 16.00
[CLIENT] Sensor 1 sent: 47.00
[CLIENT] Sensor 2 sent: 0.00
[CLIENT] Sensor 3 sent: 1.00
[CLIENT] Sensor 4 sent: 20.00
[CLIENT] Sensor 5 sent: 678.00
[CLIENT] Sensor 0 sent: 45.00
[CLIENT] Sensor 1 sent: 36.00
[CLIENT] Sensor 2 sent: 1.00
[CLIENT] Sensor 3 sent: 1.00
[CLIENT] Sensor 4 sent: 23.00
[CLIENT] Sensor 5 sent: 80.00
[CLIENT] Sensor 0 sent: 26.00
[CLIENT] Sensor 1 sent: 23.00
[CLIENT] Sensor 2 sent: 0.00
[CLIENT] Sensor 3 sent: 1.00
[CLIENT] Sensor 4 sent: 27.00
[CLIENT] Sensor 5 sent: 986.00
[CLIENT] Sensor 0 sent: 26.00
[CLIENT] Sensor 1 sent: 7.00
