[DCP SERVER] Listening on port 8080...
[DCP SERVER] Received from device 0 (Temperature Sensor): 45.00
[DCP SERVER] Received from device 1 (Smoke Detector): 37.00
[DCP SERVER] Received from device 2 (Motion Sensor): 1.00
[DCP SERVER] Received from device 3 (Door Lock): 0.00
[DCP SERVER] Received from device 4 (Humidity Sensor): 60.00
[DCP SERVER] Received from device 5 (Light Sensor): 969.00
[DCP SERVER] Received from device 0 (Temperature Sensor): 35.00
[DCP SERVER] Received from device 1 (Smoke Detector): 17.00
[DCP SERVER] Received from device 2 (Motion Sensor): 0.00
[DCP SERVER] Received from device 3 (Door Lock): 0.00
[DCP SERVER] Received from device 4 (Humidity Sensor): 84.00
[DCP SERVER] Received from device 5 (Light Sensor): 93.00
[DCP SERVER] Received from device 0 (Temperature Sensor): 32.00
[DCP SERVER] Received from device 1 (Smoke Detector): 35.00
[DCP SERVER] Received from device 2 (Motion Sensor): 0.00
[DCP SERVER] Received from device 3 (Door Lock): 0.00
[DCP SERVER] Received from device 4 (Humidity Sensor): 87.00
[DCP SERVER] Received from device 5 (Light Sensor): 872.00
[DCP SERVER] Received from device 0 (Temperature Sensor): 28.00
[DCP SERVER] Received from device 1 (Smoke Detector): 53.00
[DCP SERVER] Received from device 2 (Motion Sensor): 0.00
[DCP SERVER] Received from device 3 (Door Lock): 0.00
[DCP SERVER] Received from device 4 (Humidity Sensor): 82.00
[DCP SERVER] Received from device 5 (Light Sensor): 24.00
[DCP SERVER] Received from device 0 (Temperature Sensor): 45.00
[DCP SERVER] Received from device 1 (Smoke Detector): 31.00
[DCP SERVER] Received from device 2 (Motion Sensor): 1.00
[DCP SERVER] Received from device 3 (Door Lock): 1.00
[DCP SERVER] Received from device 4 (Humidity Sensor): 73.00
[DCP SERVER] Received from device 5 (Light Sensor): 127.00
[DCP SERVER] Received from device 0 (Temperature Sensor): 23.00
[DCP SERVER] Received from device 1 (Smoke Detector): 43.00
[DCP SERVER] Received from device 2 (Motion Sensor): 0.00
[DCP SERVER] Received from device 3 (Door Lock): 1.00
[DCP SERVER] Received from device 4 (Humidity Sensor): 52.00
[DCP SERVER] Received from device 5 (Light Sensor): 865.00
[DCP SERVER] Received from device 0 (Temperature Sensor): 39.00
[DCP SERVER] Received from device 1 (Smoke Detector): 78.00
[DCP SERVER] Received from device 2 (Motion Sensor): 0.00
[DCP SERVER] Received from device 3 (Door Lock): 1.00
[DCP SERVER] Received from device 4 (Humidity Sensor): 77.00
[DCP SERVER] Received from device 5 (Light Sensor): 883.00
[DCP SERVER] Received from device 0 (Temperature Sensor): 43.00
[DCP SERVER] Received from device 1 (Smoke Detector): 86.00
[DCP SERVER] Received from device 2 (Motion Sensor): 0.00
[DCP SERVER] Received from device 3 (Door Lock): 1.00
[DCP SERVER] Received from device 4 (Humidity Sensor): 60.00
[DCP SERVER] Received from device 5 (Light Sensor): 71.00
[DCP SERVER] Received from device 0 (Temperature Sensor): 21.00
[DCP SERVER] Received from device 1 (Smoke Detector): 14.00
[DCP SERVER] Received from device 2 (Motion Sensor): 1.00
[DCP SERVER] Received from device 3 (Door Lock): 1.00
[DCP SERVER] Received from device 4 (Humidity Sensor): 73.00
[DCP SERVER] Received from device 5 (Light Sensor): 112.00
[DCP SERVER] Received from device 0 (Temperature Sensor): 47.00
[DCP SERVER] Received from device 1 (Smoke Detector): 48.00
[DCP SERVER] Received from device 2 (Motion Sensor): 1.00
[DCP SERVER] Received from device 3 (Door Lock): 1.00
[DCP SERVER] Received from device 4 (Humidity Sensor): 49.00
[DCP SERVER] Received from device 5 (Light Sensor): 68.00
[DCP SERVER] Received from device 0 (Temperature Sensor): 30.00
[DCP SERVER] Received from device 1 (Smoke Detector): 94.00
[DCP SERVER] Received from device 2 (Motion Sensor): 0.00
[DCP SERVER] Received from device 3 (Door Lock): 0.00
[DCP SERVER] Received from device 4 (Humidity Sensor): 54.00
[DCP SERVER] Received from device 5 (Light Sensor): 181.00
[DCP SERVER] Received from device 0 (Temperature Sensor): 33.00
[DCP SERVER] Received from device 1 (Smoke Detector): 43.00
[DCP SERVER] Received from device 2 (Motion Sensor): 1.00
[DCP SERVER] Received from device 3 (Door Lock): 1.00
[DCP SERVER] Received from device 4 (Humidity Sensor): 73.00
[DCP SERVER] Received from device 5 (Light Sensor): 558.00
[DCP SERVER] Received from device 0 (Temperature Sensor): 32.00
[DCP SERVER] Received from device 1 (Smoke Detector): 85.00
[DCP SERVER] Received from device 2 (Motion Sensor): 1.00
[DCP SERVER] Received from device 3 (Door Lock): 1.00
[DCP SERVER] Received from device 4 (Humidity Sensor): 87.00
[DCP SERVER] Received from device 5 (Light Sensor): 174.00
[DCP SERVER] Received from device 0 (Temperature Sensor): 16.00
[DCP SERVER] Received from device 1 (Smoke Detector): 42.00
[DCP SERVER] Received from device 2 (Motion Sensor): 0.00
[DCP SERVER] Received from device 3 (Door Lock): 1.00
[DCP SERVER] Received from device 4 (Humidity Sensor): 39.00
[DCP SERVER] Received from device 5 (Light Sensor): 938.00
[DCP SERVER] Received from device 0 (Temperature Sensor): 33.00
[DCP SERVER] Received from device 1 (Smoke Detector): 21.00
[DCP SERVER] Received from device 2 (Motion Sensor): 1.00
[DCP SERVER] Received from device 3 (Door Lock): 0.00
[DCP SERVER] Received from device 4 (Humidity Sensor): 45.00
[DCP SERVER] Received from device 5 (Light Sensor): 568.00
[DCP SERVER] Received from device 0 (Temperature Sensor): 29.00
[DCP SERVER] Received from device 1 (Smoke Detector): 41.00
[DCP SERVER] Received from device 2 (Motion Sensor): 0.00
[DCP SERVER] Received from device 3 (Door Lock): 0.00
[DCP SERVER] Received from device 4 (Humidity Sensor): 69.00
[DCP SERVER] Received from device 5 (Light Sensor): 359.00
[DCP SERVER] Received from device 0 (Temperature Sensor): 22.00
[DCP SERVER] Received from device 1 (Smoke Detector): 44.00
[DCP SERVER] Received from device 2 (Motion Sensor): 1.00
[DCP SERVER] Received from device 3 (Door Lock): 1.00
[DCP SERVER] Received from device 4 (Humidity Sensor): 80.00
[DCP SERVER] Received from device 5 (Light Sensor): 64.00
[DCP SERVER] Received from device 0 (Temperature Sensor): 22.00
[DCP SERVER] Received from device 1 (Smoke Detector): 27.00
[DCP SERVER] Received from device 2 (Motion Sensor): 1.00
[DCP SERVER] Received from device 3 (Door Lock): 0.00
[DCP SERVER] Received from device 4 (Humidity Sensor): 67.00
[DCP SERVER] Received from device 5 (Light Sensor): 645.00
[DCP SERVER] Received from device 0 (Temperature Sensor): 46.00
[DCP SERVER] Received from device 1 (Smoke Detector): 59.00
[DCP SERVER] Received from device 2 (Motion Sensor): 0.00
[DCP SERVER] Received from device 3 (Door Lock): 0.00
[DCP SERVER] Received from device 4 (Humidity Sensor): 73.00
[DCP SERVER] Received from device 5 (Light Sensor): 533.00
[DCP SERVER] Received from device 0 (Temperature Sensor): 45.00
[DCP SERVER] Received from device 1 (Smoke Detector): 40.00
[DCP SERVER] Received from device 2 (Motion Sensor): 1.00
[DCP SERVER] Received from device 3 (Door Lock): 0.00
[DCP SERVER] Received from device 4 (Humidity Sensor): 75.00
[DCP SERVER] Received from device 5 (Light Sensor): 616.00
[DCP SERVER] Received from device 0 (Temperature Sensor): 48.00
[DCP SERVER] Received from device 1 (Smoke Detector): 26.00
[DCP SERVER] Received from device 2 (Motion Sensor): 1.00
[DCP SERVER] Received from device 3 (Door Lock): 1.00
[DCP SERVER] Received from device 4 (Humidity Sensor): 46.00
[DCP SERVER] Received from device 5 (Light Sensor): 126.00
[DCP SERVER] Received from device 0 (Temperature Sensor): 21.00
[DCP SERVER] Received from device 1 (Smoke Detector): 47.00
[DCP SERVER] Received from device 2 (Motion Sensor): 1.00
[DCP SERVER] Received from device 3 (Door Lock): 1.00
[DCP SERVER] Received from device 4 (Humidity Sensor): 44.00
[DCP SERVER] Received from device 5 (Light Sensor): 963.00
[DCP SERVER] Received from device 0 (Temperature Sensor): 46.00
[DCP SERVER] Received from device 1 (Smoke Detector): 63.00
[DCP SERVER] Received from device 2 (Motion Sensor): 1.00
[DCP SERVER] Received from device 3 (Door Lock): 1.00
[DCP SERVER] Received from device 4 (Humidity Sensor): 85.00
[DCP SERVER] Received from device 5 (Light Sensor): 804.00
[DCP SERVER] Received from device 0 (Temperature Sensor): 37.00
[DCP SERVER] Received from device 1 (Smoke Detector): 40.00
[DCP SERVER] Received from device 2 (Motion Sensor): 1.00
[DCP SERVER] Received from device 3 (Door Lock): 1.00
[DCP SERVER] Received from device 4 (Humidity Sensor): 80.00
[DCP SERVER] Received from device 5 (Light Sensor): 336.00
[DCP SERVER] Received from device 0 (Temperature Sensor): 35.00
[DCP SERVER] Received from device 1 (Smoke Detector): 98.00
[DCP SERVER] Received from device 2 (Motion Sensor): 0.00
[DCP SERVER] Received from device 3 (Door Lock): 0.00
[DCP SERVER] Received from device 4 (Humidity Sensor): 52.00
[DCP SERVER] Received from device 5 (Light Sensor): 173.00
[DCP SERVER] Received from device 0 (Temperature Sensor): 47.00
[DCP SERVER] Received from device 1 (Smoke Detector): 28.00
[DCP SERVER] Received from device 2 (Motion Sensor): 0.00
[DCP SERVER] Received from device 3 (Door Lock): 0.00
[DCP SERVER] Received from device 4 (Humidity Sensor): 25.00
[DCP SERVER] Received from device 5 (Light Sensor): 934.00
[DCP SERVER] Received from device 0 (Temperature Sensor): 37.00
[DCP SERVER] Received from device 1 (Smoke Detector): 29.00
[DCP SERVER] Received from device 2 (Motion Sensor): 1.00
[DCP SERVER] Received from device 3 (Door Lock): 0.00
[DCP SERVER] Received from device 4 (Humidity Sensor): 30.00
[DCP SERVER] Received from device 5 (Light Sensor): 509.00
[DCP SERVER] Received from device 0 (Temperature Sensor): 22.00
[DCP SERVER] Received from device 1 (Smoke Detector): 7.00
[DCP SERVER] Received from device 2 (Motion Sensor): 1.00
[DCP SERVER] Received from device 3 (Door Lock): 1.00
[DCP SERVER] Received from device 4 (Humidity Sensor): 70.00
[DCP SERVER] Received from device 5 (Light Sensor): 119.00
[DCP SERVER] Received from device 0 (Temperature Sensor): 21.00
[DCP SERVER] Received from device 1 (Smoke Detector): 93.00
[DCP SERVER] Received from device 2 (Motion Sensor): 1.00
[DCP SERVER] Received from device 3 (Door Lock): 1.00
[DCP SERVER] Received from device 4 (Humidity Sensor): 61.00
[DCP SERVER] Received from device 5 (Light Sensor): 485.00
[DCP SERVER] Received from device 0 (Temperature Sensor): 32.00
[DCP SERVER] Received from device 1 (Smoke Detector): 43.00
[DCP SERVER] Received from device 2 (Motion Sensor): 0.00
[DCP SERVER] Received from device 3 (Door Lock): 0.00
[DCP SERVER] Received from device 4 (Humidity Sensor): 30.00
[DCP SERVER] Received from device 5 (Light Sensor): 617.00
[DCP SERVER] Received from device 0 (Temperature Sensor): 24.00
[DCP SERVER] Received from device 1 (Smoke Detector): 57.00
[DCP SERVER] Received from device 2 (Motion Sensor): 1.00
[DCP SERVER] Received from device 3 (Door Lock): 1.00
[DCP SERVER] Received from device 4 (Humidity Sensor): 84.00
[DCP SERVER] Received from device 5 (Light Sensor): 403.00
[DCP SERVER] Received from device 0 (Temperature Sensor): 33.00
[DCP SERVER] Received from device 1 (Smoke Detector): 67.00
[DCP SERVER] Received from device 2 (Motion Sensor): 1.00
[DCP SERVER] Received from device 3 (Door Lock): 0.00
[DCP SERVER] Received from device 4 (Humidity Sensor): 76.00
[DCP SERVER] Received from device 5 (Light Sensor): 219.00
[DCP SERVER] Received from device 0 (Temperature Sensor): 46.00
[DCP SERVER] Received from device 1 (Smoke Detector): 29.00
[DCP SERVER] Received from device 2 (Motion Sensor): 0.00
[DCP SERVER] Received from device 3 (Door Lock): 1.00
[DCP SERVER] Received from device 4 (Humidity Sensor): 69.00
[DCP SERVER] Received from device 5 (Light Sensor): 706.00
[DCP SERVER] Received from device 0 (Temperature Sensor): 42.00
[DCP SERVER] Received from device 1 (Smoke Detector): 13.00
[DCP SERVER] Received from device 2 (Motion Sensor): 1.00
[DCP SERVER] Received from device 3 (Door Lock): 0.00
[DCP SERVER] Received from device 4 (Humidity Sensor): 52.00
[DCP SERVER] Received from device 5 (Light Sensor): 803.00
[DCP SERVER] Received from device 0 (Temperature Sensor): 32.00
[DCP SERVER] Received from device 1 (Smoke Detector): 64.00
[DCP SERVER] Received from device 2 (Motion Sensor): 0.00
[DCP SERVER] Received from device 3 (Door Lock): 0.00
[DCP SERVER] Received from device 4 (Humidity Sensor): 65.00
[DCP SERVER] Received from device 5 (Light Sensor): 485.00
[DCP SERVER] Received from device 0 (Temperature Sensor): 37.00
[DCP SERVER] Received from device 1 (Smoke Detector): 79.00
[DCP SERVER] Received from device 2 (Motion Sensor): 1.00
[DCP SERVER] Received from device 3 (Door Lock): 1.00
[DCP SERVER] Received from device 4 (Humidity Sensor): 74.00
[DCP SERVER] Received from device 5 (Light Sensor): 645.00
[DCP SERVER] Received from device 0 (Temperature Sensor): 48.00
[DCP SERVER] Received from device 1 (Smoke Detector): 80.00
[DCP SERVER] Received from device 2 (Motion Sensor): 1.00
[DCP SERVER] Received from device 3 (Door Lock): 1.00
[DCP SERVER] Received from device 4 (Humidity Sensor): 79.00
[DCP SERVER] Received from device 5 (Light Sensor): 208.00
[DCP SERVER] Received from device 0 (Temperature Sensor): 43.00
[DCP SERVER] Received from device 1 (Smoke Detector): 9.00
[DCP SERVER] Received from device 2 (Motion Sensor): 1.00
[DCP SERVER] Received from device 3 (Door Lock): 0.00
[DCP SERVER] Received from device 4 (Humidity Sensor): 30.00
[DCP SERVER] Received from device 5 (Light Sensor): 737.00
[DCP SERVER] Received from device 0 (Temperature Sensor): 42.00
[DCP SERVER] Received from device 1 (Smoke Detector): 12.00
[DCP SERVER] Received from device 2 (Motion Sensor): 0.00
[DCP SERVER] Received from device 3 (Door Lock): 1.00
[DCP SERVER] Received from device 4 (Humidity Sensor): 72.00
[DCP SERVER] Received from device 5 (Light Sensor): 399.00
[DCP SERVER] Received from device 0 (Temperature Sensor): 43.00
[DCP SERVER] Received from device 1 (Smoke Detector): 87.00
[DCP SERVER] Received from device 2 (Motion Sensor): 0.00
[DCP SERVER] Received from device 3 (Door Lock): 1.00
[DCP SERVER] Received from device 4 (Humidity Sensor): 27.00
[DCP SERVER] Received from device 5 (Light Sensor): 111.00
[DCP SERVER] Received from device 0 (Temperature Sensor): 45.00
[DCP SERVER] Received from device 1 (Smoke Detector): 31.00
[DCP SERVER] Received from device 2 (Motion Sensor): 0.00
[DCP SERVER] Received from device 3 (Door Lock): 0.00
[DCP SERVER] Received from device 4 (Humidity Sensor): 75.00
[DCP SERVER] Received from device 5 (Light Sensor): 137.00
[DCP SERVER] Received from device 0 (Temperature Sensor): 43.00
[DCP SERVER] Received from device 1 (Smoke Detector): 37.00
[DCP SERVER] Received from device 2 (Motion Sensor): 1.00
[DCP SERVER] Received from device 3 (Door Lock): 1.00
[DCP SERVER] Received from device 4 (Humidity Sensor): 54.00
[DCP SERVER] Received from device 5 (Light Sensor): 861.00
[DCP SERVER] Received from device 0 (Temperature Sensor): 32.00
[DCP SERVER] Received from device 1 (Smoke Detector): 75.00
[DCP SERVER] Received from device 2 (Motion Sensor): 0.00
[DCP SERVER] Received from device 3 (Door Lock): 0.00
[DCP SERVER] Received from device 4 (Humidity Sensor): 20.00
[DCP SERVER] Received from device 5 (Light Sensor): 621.00
[DCP SERVER] Received from device 0 (Temperature Sensor): 25.00
[DCP SERVER] Received from device 1 (Smoke Detector): 54.00
[DCP SERVER] Received from device 2 (Motion Sensor): 0.00
[DCP SERVER] Received from device 3 (Door Lock): 1.00
[DCP SERVER] Received from device 4 (Humidity Sensor): 69.00
[DCP SERVER] Received from device 5 (Light Sensor): 939.00
[DCP SERVER] Received from device 0 (Temperature Sensor): 45.00
[DCP SERVER] Received from device 1 (Smoke Detector): 38.00
[DCP SERVER] Received from device 2 (Motion Sensor): 0.00
[DCP SERVER] Received from device 3 (Door Lock): 1.00
[DCP SERVER] Received from device 4 (Humidity Sensor): 88.00
[DCP SERVER] Received from device 5 (Light Sensor): 315.00
[DCP SERVER] Received from device 0 (Temperature Sensor): 26.00
[DCP SERVER] Received from device 1 (Smoke Detector): 36.00
[DCP SERVER] Received from device 2 (Motion Sensor): 0.00
[DCP SERVER] Received from device 3 (Door Lock): 1.00
[DCP SERVER] Received from device 4 (Humidity Sensor): 33.00
[DCP SERVER] Received from device 5 (Light Sensor): 420.00
[DCP SERVER] Received from device 0 (Temperature Sensor): 36.00
[DCP SERVER] Received from device 1 (Smoke Detector): 18.00
[DCP SERVER] Received from device 2 (Motion Sensor): 0.00
[DCP SERVER] Received from device 3 (Door Lock): 1.00
[DCP SERVER] Received from device 4 (Humidity Sensor): 82.00
[DCP SERVER] Received from device 5 (Light Sensor): 49.00
[DCP SERVER] Received from device 0 (Temperature Sensor): 21.00
[DCP SERVER] Received from device 1 (Smoke Detector): 75.00
[DCP SERVER] Received from device 2 (Motion Sensor): 1.00
[DCP SERVER] Received from device 3 (Door Lock): 1.00
[DCP SERVER] Received from device 4 (Humidity Sensor): 75.00
[DCP SERVER] Received from device 5 (Light Sensor): 180.00
[DCP SERVER] Received from device 0 (Temperature Sensor): 48.00
[DCP SERVER] Received from device 1 (Smoke Detector): 56.00
[DCP SERVER] Received from device 2 (Motion Sensor): 1.00
[DCP SERVER] Received from device 3 (Door Lock): 1.00
[DCP SERVER] Received from device 4 (Humidity Sensor): 41.00
[DCP SERVER] Received from device 5 (Light Sensor): 512.00
[DCP SERVER] Received from device 0 (Temperature Sensor): 27.00
[DCP SERVER] Received from device 1 (Smoke Detector): 32.00
[DCP SERVER] Received from device 2 (Motion Sensor): 1.00
[DCP SERVER] Received from device 3 (Door Lock): 1.00
[DCP SERVER] Received from device 4 (Humidity Sensor): 63.00
[DCP SERVER] Received from device 5 (Light Sensor): 114.00
[DCP SERVER] Received from device 0 (Temperature Sensor): 26.00
[DCP SERVER] Received from device 1 (Smoke Detector): 36.00
[DCP SERVER] Received from device 2 (Motion Sensor): 1.00
[DCP SERVER] Received from device 3 (Door Lock): 0.00
[DCP SERVER] Received from device 4 (Humidity Sensor): 41.00
[DCP SERVER] Received from device 5 (Light Sensor): 859.00
[DCP SERVER] Received from device 0 (Temperature Sensor): 26.00
[DCP SERVER] Received from device 1 (Smoke Detector): 5.00
[DCP SERVER] Received from device 2 (Motion Sensor): 0.00
[DCP SERVER] Received from device 3 (Door Lock): 0.00
[DCP SERVER] Received from device 4 (Humidity Sensor): 43.00
[DCP SERVER] Received from device 5 (Light Sensor): 897.00
[DCP SERVER] Received from device 0 (Temperature Sensor): 22.00
[DCP SERVER] Received from device 1 (Smoke Detector): 79.00
[DCP SERVER] Received from device 2 (Motion Sensor): 1.00
[DCP SERVER] Received from device 3 (Door Lock): 1.00
[DCP SERVER] Received from device 4 (Humidity Sensor): 69.00
[DCP SERVER] Received from device 5 (Light Sensor): 220.00
[DCP SERVER] Received from device 0 (Temperature Sensor): 22.00
[DCP SERVER] Received from device 1 (Smoke Detector): 22.00
[DCP SERVER] Received from device 2 (Motion Sensor): 0.00
[DCP SERVER] Received from device 3 (Door Lock): 1.00
[DCP SERVER] Received from device 4 (Humidity Sensor): 51.00
[DCP SERVER] Received from device 5 (Light Sensor): 106.00
[DCP SERVER] Received from device 0 (Temperature Sensor): 17.00
[DCP SERVER] Received from device 1 (Smoke Detector): 46.00
[DCP SERVER] Received from device 2 (Motion Sensor): 1.00
[DCP SERVER] Received from device 3 (Door Lock): 1.00
[DCP SERVER] Received from device 4 (Humidity Sensor): 30.00
[DCP SERVER] Received from device 5 (Light Sensor): 831.00
[DCP SERVER] Received from device 0 (Temperature Sensor): 18.00
[DCP SERVER] Received from device 1 (Smoke Detector): 33.00
[DCP SERVER] Received from device 2 (Motion Sensor): 0.00
[DCP SERVER] Received from device 3 (Door Lock): 0.00
[DCP SERVER] Received from device 4 (Humidity Sensor): 81.00
[DCP SERVER] Received from device 5 (Light Sensor): 836.00
[DCP SERVER] Received from device 0 (Temperature Sensor): 33.00
[DCP SERVER] Received from device 1 (Smoke Detector): 34.00
[DCP SERVER] Received from device 2 (Motion Sensor): 1.00
[DCP SERVER] Received from device 3 (Door Lock): 1.00
[DCP SERVER] Received from device 4 (Humidity Sensor): 63.00
[DCP SERVER] Received from device 5 (Light Sensor): 274.00
[DCP SERVER] Received from device 0 (Temperature Sensor): 25.00
[DCP SERVER] Received from device 1 (Smoke Detector): 64.00
[DCP SERVER] Received from device 2 (Motion Sensor): 0.00
[DCP SERVER] Received from device 3 (Door Lock): 1.00
[DCP SERVER] Received from device 4 (Humidity Sensor): 20.00
[DCP SERVER] Received from device 5 (Light Sensor): 291.00
[DCP SERVER] Received from device 0 (Temperature Sensor): 36.00
[DCP SERVER] Received from device 1 (Smoke Detector): 93.00
[DCP SERVER] Received from device 2 (Motion Sensor): 1.00
[DCP SERVER] Received from device 3 (Door Lock): 1.00
[DCP SERVER] Received from device 4 (Humidity Sensor): 20.00
[DCP SERVER] Received from device 5 (Light Sensor): 931.00
[DCP SERVER] Received from device 0 (Temperature Sensor): 30.00
[DCP SERVER] Received from device 1 (Smoke Detector): 82.00
[DCP SERVER] Received from device 2 (Motion Sensor): 0.00
[DCP SERVER] Received from device 3 (Door Lock): 0.00
[DCP SERVER] Received from device 4 (Humidity Sensor): 35.00
[DCP SERVER] Received from device 5 (Light Sensor): 467.00
[DCP SERVER] Received from device 0 (Temperature Sensor): 33.00
[DCP SERVER] Received from device 1 (Smoke Detector): 8.00
[DCP SERVER] Received from device 2 (Motion Sensor): 1.00
[DCP SERVER] Received from device 3 (Door Lock): 1.00
[DCP SERVER] Received from device 4 (Humidity Sensor): 39.00
[DCP SERVER] Received from device 5 (Light Sensor): 370.00
[DCP SERVER] Received from device 0 (Temperature Sensor): 25.00
[DCP SERVER] Received from device 1 (Smoke Detector): 52.00
[DCP SERVER] Received from device 2 (Motion Sensor): 0.00
[DCP SERVER] Received from device 3 (Door Lock): 1.00
[DCP SERVER] Received from device 4 (Humidity Sensor): 72.00
[DCP SERVER] Received from device 5 (Light Sensor): 504.00
[DCP SERVER] Received from device 0 (Temperature Sensor): 17.00
[DCP SERVER] Received from device 1 (Smoke Detector): 72.00
[DCP SERVER] Received from device 2 (Motion Sensor): 1.00
[DCP SERVER] Received from device 3 (Door Lock): 1.00
[DCP SERVER] Received from device 4 (Humidity Sensor): 37.00
[DCP SERVER] Received from device 5 (Light Sensor): 11.00
[DCP SERVER] Received from device 0 (Temperature Sensor): 41.00
[DCP SERVER] Received from device 1 (Smoke Detector): 19.00
[DCP SERVER] Received from device 2 (Motion Sensor): 0.00
[DCP SERVER] Received from device 3 (Door Lock): 1.00
[DCP SERVER] Received from device 4 (Humidity Sensor): 26.00
[DCP SERVER] Received from device 5 (Light Sensor): 704.00
[DCP SERVER] Received from device 0 (Temperature Sensor): 16.00
[DCP SERVER] Received from device 1 (Smoke Detector): 13.00
[DCP SERVER] Received from device 2 (Motion Sensor): 1.00
[DCP SERVER] Received from device 3 (Door Lock): 1.00
[DCP SERVER] Received from device 4 (Humidity Sensor): 64.00
[DCP SERVER] Received from device 5 (Light Sensor): 364.00
[DCP SERVER] Received from device 0 (Temperature Sensor): 41.00
[DCP SERVER] Received from device 1 (Smoke Detector): 63.00
[DCP SERVER] Received from device 2 (Motion Sensor): 0.00
[DCP SERVER] Received from device 3 (Door Lock): 0.00
[DCP SERVER] Received from device 4 (Humidity Sensor): 32.00
[DCP SERVER] Received from device 5 (Light Sensor): 645.00
[DCP SERVER] Received from device 0 (Temperature Sensor): 38.00
[DCP SERVER] Received from device 1 (Smoke Detector): 24.00
[DCP SERVER] Received from device 2 (Motion Sensor): 1.00
[DCP SERVER] Received from device 3 (Door Lock): 0.00
[DCP SERVER] Received from device 4 (Humidity Sensor): 51.00
[DCP SERVER] Received from device 5 (Light Sensor): 233.00
[DCP SERVER] Received from device 0 (Temperature Sensor): 28.00
[DCP SERVER] Received from device 1 (Smoke Detector): 98.00
[DCP SERVER] Received from device 2 (Motion Sensor): 0.00
[DCP SERVER] Received from device 3 (Door Lock): 1.00
[DCP SERVER] Received from device 4 (Humidity Sensor): 28.00
[DCP SERVER] Received from device 5 (Light Sensor): 455.00
[DCP SERVER] Received from device 0 (Temperature Sensor): 16.00
[DCP SERVER] Received from device 1 (Smoke Detector): 47.00
[DCP SERVER] Received from device 2 (Motion Sensor): 1.00
[DCP SERVER] Received from device 3 (Door Lock): 1.00
[DCP SERVER] Received from device 4 (Humidity Sensor): 70.00
[DCP SERVER] Received from device 5 (Light Sensor): 76.00
[DCP SERVER] Received from device 0 (Temperature Sensor): 34.00
[DCP SERVER] Received from device 1 (Smoke Detector): 4.00
[DCP SERVER] Received from device 2 (Motion Sensor): 1.00
[DCP SERVER] Received from device 3 (Door Lock): 0.00
[DCP SERVER] Received from device 4 (Humidity Sensor): 89.00
[DCP SERVER] Received from device 5 (Light Sensor): 882.00
[DCP SERVER] Received from device 0 (Temperature Sensor): 42.00
[DCP SERVER] Received from device 1 (Smoke Detector): 62.00
[DCP SERVER] Received from device 2 (Motion Sensor): 1.00
[DCP SERVER] Received from device 3 (Door Lock): 1.00
[DCP SERVER] Received from device 4 (Humidity Sensor): 20.00
[DCP SERVER] Received from device 5 (Light Sensor): 9.00
[DCP SERVER] Received from device 0 (Temperature Sensor): 22.00
[DCP SERVER] Received from device 1 (Smoke Detector): 81.00
[DCP SERVER] Received from device 2 (Motion Sensor): 0.00
[DCP SERVER] Received from device 3 (Door Lock): 0.00
[DCP SERVER] Received from device 4 (Humidity Sensor): 59.00
[DCP SERVER] Received from device 5 (Light Sensor): 422.00
[DCP SERVER] Received from device 0 (Temperature Sensor): 44.00
[DCP SERVER] Received from device 1 (Smoke Detector): 77.00
[DCP SERVER] Received from device 2 (Motion Sensor): 1.00
[DCP SERVER] Received from device 3 (Door Lock): 0.00
[DCP SERVER] Received from device 4 (Humidity Sensor): 36.00
[DCP SERVER] Received from device 5 (Light Sensor): 217.00
[DCP SERVER] Received from device 0 (Temperature Sensor): 22.00
[DCP SERVER] Received from device 1 (Smoke Detector): 66.00
[DCP SERVER] Received from device 2 (Motion Sensor): 0.00
[DCP SERVER] Received from device 3 (Door Lock): 1.00
[DCP SERVER] Received from device 4 (Humidity Sensor): 29.00
[DCP SERVER] Received from device 5 (Light Sensor): 225.00
[DCP SERVER] Received from device 0 (Temperature Sensor): 42.00
[DCP SERVER] Received from device 1 (Smoke Detector): 18.00
[DCP SERVER] Received from device 2 (Motion Sensor): 1.00
[DCP SERVER] Received from device 3 (Door Lock): 0.00
[DCP SERVER] Received from device 4 (Humidity Sensor): 56.00
[DCP SERVER] Received from device 5 (Light Sensor): 853.00
[DCP SERVER] Received from device 0 (Temperature Sensor): 31.00
[DCP SERVER] Received from device 1 (Smoke Detector): 66.00
[DCP SERVER] Received from device 2 (Motion Sensor): 0.00
[DCP SERVER] Received from device 3 (Door Lock): 0.00
[DCP SERVER] Received from device 4 (Humidity Sensor): 28.00
[DCP SERVER] Received from device 5 (Light Sensor): 810.00
[DCP SERVER] Received from device 0 (Temperature Sensor): 46.00
[DCP SERVER] Received from device 1 (Smoke Detector): 47.00
[DCP SERVER] Received from device 2 (Motion Sensor): 0.00
[DCP SERVER] Received from device 3 (Door Lock): 0.00
[DCP SERVER] Received from device 4 (Humidity Sensor): 79.00
[DCP SERVER] Received from device 5 (Light Sensor): 757.00
[DCP SERVER] Received from device 0 (Temperature Sensor): 21.00
[DCP SERVER] Received from device 1 (Smoke Detector): 97.00
[DCP SERVER] Received from device 2 (Motion Sensor): 0.00
[DCP SERVER] Received from device 3 (Door Lock): 0.00
[DCP SERVER] Received from device 4 (Humidity Sensor): 40.00
[DCP SERVER] Received from device 5 (Light Sensor): 913.00
[DCP SERVER] Received from device 0 (Temperature Sensor): 15.00
[DCP SERVER] Received from device 1 (Smoke Detector): 11.00
[DCP SERVER] Received from device 2 (Motion Sensor): 0.00
[DCP SERVER] Received from device 3 (Door Lock): 0.00
[DCP SERVER] Received from device 4 (Humidity Sensor): 75.00
[DCP SERVER] Received from device 5 (Light Sensor): 314.00
[DCP SERVER] Received from device 0 (Temperature Sensor): 27.00
[DCP SERVER] Received from device 1 (Smoke Detector): 83.00
[DCP SERVER] Received from device 2 (Motion Sensor): 1.00
[DCP SERVER] Received from device 3 (Door Lock): 1.00
[DCP SERVER] Received from device 4 (Humidity Sensor): 43.00
[DCP SERVER] Received from device 5 (Light Sensor): 743.00
[DCP SERVER] Received from device 0 (Temperature Sensor): 37.00
[DCP SERVER] Received from device 1 (Smoke Detector): 42.00
[DCP SERVER] Received from device 2 (Motion Sensor): 0.00
[DCP SERVER] Received from device 3 (Door Lock): 1.00
[DCP SERVER] Received from device 4 (Humidity Sensor): 68.00
[DCP SERVER] Received from device 5 (Light Sensor): 318.00
[DCP SERVER] Received from device 0 (Temperature Sensor): 38.00
[DCP SERVER] Received from device 1 (Smoke Detector): 0.00
[DCP SERVER] Received from device 2 (Motion Sensor): 1.00
[DCP SERVER] Received from device 3 (Door Lock): 0.00
[DCP SERVER] Received from device 4 (Humidity Sensor): 61.00
[DCP SERVER] Received from device 5 (Light Sensor): 862.00
[DCP SERVER] Received from device 0 (Temperature Sensor): 15.00
[DCP SERVER] Received from device 1 (Smoke Detector): 74.00
[DCP SERVER] Received from device 2 (Motion Sensor): 0.00
[DCP SERVER] Received from device 3 (Door Lock): 1.00
[DCP SERVER] Received from device 4 (Humidity Sensor): 64.00
[DCP SERVER] Received from device 5 (Light Sensor): 739.00
[DCP SERVER] Received from device 0 (Temperature Sensor): 17.00
[DCP SERVER] Received from device 1 (Smoke Detector): 12.00
[DCP SERVER] Received from device 2 (Motion Sensor): 0.00
[DCP SERVER] Received from device 3 (Door Lock): 0.00
[DCP SERVER] Received from device 4 (Humidity Sensor): 75.00
[DCP SERVER] Received from device 5 (Light Sensor): 167.00
[DCP SERVER] Received from device 0 (Temperature Sensor): 32.00
[DCP SERVER] Received from device 1 (Smoke Detector): 59.00
[DCP SERVER] Received from device 2 (Motion Sensor): 1.00
[DCP SERVER] Received from device 3 (Door Lock): 1.00
[DCP SERVER] Received from device 4 (Humidity Sensor): 49.00
[DCP SERVER] Received from device 5 (Light Sensor): 637.00
[DCP SERVER] Received from device 0 (Temperature Sensor): 42.00
[DCP SERVER] Received from device 1 (Smoke Detector): 7.00
[DCP SERVER] Received from device 2 (Motion Sensor): 1.00
[DCP SERVER] Received from device 3 (Door Lock): 1.00
[DCP SERVER] Received from device 4 (Humidity Sensor): 62.00
[DCP SERVER] Received from device 5 (Light Sensor): 633.00
[DCP SERVER] Received from device 0 (Temperature Sensor): 47.00
[DCP SERVER] Received from device 1 (Smoke Detector): 35.00
[DCP SERVER] Received from device 2 (Motion Sensor): 1.00
[DCP SERVER] Received from device 3 (Door Lock): 0.00
[DCP SERVER] Received from device 4 (Humidity Sensor): 31.00
[DCP SERVER] Received from device 5 (Light Sensor): 129.00
[DCP SERVER] Received from device 0 (Temperature Sensor): 44.00
[DCP SERVER] Received from device 1 (Smoke Detector): 38.00
[DCP SERVER] Received from device 2 (Motion Sensor): 0.00
[DCP SERVER] Received from device 3 (Door Lock): 0.00
[DCP SERVER] Received from device 4 (Humidity Sensor): 28.00
[DCP SERVER] Received from device 5 (Light Sensor): 448.00
[DCP SERVER] Received from device 0 (Temperature Sensor): 49.00
[DCP SERVER] Received from device 1 (Smoke Detector): 4.00
[DCP SERVER] Received from device 2 (Motion Sensor): 0.00
[DCP SERVER] Received from device 3 (Door Lock): 1.00
[DCP SERVER] Received from device 4 (Humidity Sensor): 21.00
[DCP SERVER] Received from device 5 (Light Sensor): 398.00
[DCP SERVER] Received from device 0 (Temperature Sensor): 36.00
[DCP SERVER] Received from device 1 (Smoke Detector): 52.00
[DCP SERVER] Received from device 2 (Motion Sensor): 1.00
[DCP SERVER] Received from device 3 (Door Lock): 0.00
[DCP SERVER] Received from device 4 (Humidity Sensor): 52.00
[DCP SERVER] Received from device 5 (Light Sensor): 519.00
[DCP SERVER] Received from device 0 (Temperature Sensor): 29.00
[DCP SERVER] Received from device 1 (Smoke Detector): 76.00
[DCP SERVER] Received from device 2 (Motion Sensor): 0.00
[DCP SERVER] Received from device 3 (Door Lock): 0.00
[DCP SERVER] Received from device 4 (Humidity Sensor): 70.00
[DCP SERVER] Received from device 5 (Light Sensor): 50.00
[DCP SERVER] Received from device 0 (Temperature Sensor): 40.00
[DCP SERVER] Received from device 1 (Smoke Detector): 23.00
[DCP SERVER] Received from device 2 (Motion Sensor): 1.00
[DCP SERVER] Received from device 3 (Door Lock): 0.00
[DCP SERVER] Received from device 4 (Humidity Sensor): 63.00
[DCP SERVER] Received from device 5 (Light Sensor): 643.00
[DCP SERVER] Received from device 0 (Temperature Sensor): 45.00
[DCP SERVER] Received from device 1 (Smoke Detector): 82.00
[DCP SERVER] Received from device 2 (Motion Sensor): 1.00
[DCP SERVER] Received from device 3 (Door Lock): 1.00
[DCP SERVER] Received from device 4 (Humidity Sensor): 23.00
[DCP SERVER] Received from device 5 (Light Sensor): 364.00
[DCP SERVER] Received from device 0 (Temperature Sensor): 41.00
[DCP SERVER] Received from device 1 (Smoke Detector): 46.00
[DCP SERVER] Received from device 2 (Motion Sensor): 0.00
[DCP SERVER] Received from device 3 (Door Lock): 1.00
[DCP SERVER] Received from device 4 (Humidity Sensor): 42.00
[DCP SERVER] Received from device 5 (Light Sensor): 875.00
[DCP SERVER] Received from device 0 (Temperature Sensor): 18.00
[DCP SERVER] Received from device 1 (Smoke Detector): 96.00
[DCP SERVER] Received from device 2 (Motion Sensor): 1.00
[DCP SERVER] Received from device 3 (Door Lock): 1.00
[DCP SERVER] Received from device 4 (Humidity Sensor): 23.00
[DCP SERVER] Received from device 5 (Light Sensor): 505.00
[DCP SERVER] Received from device 0 (Temperature Sensor): 47.00
[DCP SERVER] Received from device 1 (Smoke Detector): 3.00
[DCP SERVER] Received from device 2 (Motion Sensor): 1.00
[DCP SERVER] Received from device 3 (Door Lock): 0.00
[DCP SERVER] Received from device 4 (Humidity Sensor): 40.00
[DCP SERVER] Received from device 5 (Light Sensor): 391.00
[DCP SERVER] Received from device 0 (Temperature Sensor): 39.00
[DCP SERVER] Received from device 1 (Smoke Detector): 93.00
[DCP SERVER] Received from device 2 (Motion Sensor): 0.00
[DCP SERVER] Received from device 3 (Door Lock): 0.00
[DCP SERVER] Received from device 4 (Humidity Sensor): 61.00
[DCP SERVER] Received from device 5 (Light Sensor): 829.00
[DCP SERVER] Received from device 0 (Temperature Sensor): 48.00
[DCP SERVER] Received from device 1 (Smoke Detector): 45.00
[DCP SERVER] Received from device 2 (Motion Sensor): 1.00
[DCP SERVER] Received from device 3 (Door Lock): 0.00
[DCP SERVER] Received from device 4 (Humidity Sensor): 59.00
[DCP SERVER] Received from device 5 (Light Sensor): 583.00
[DCP SERVER] Received from device 0 (Temperature Sensor): 42.00
[DCP SERVER] Received from device 1 (Smoke Detector): 13.00
[DCP SERVER] Received from device 2 (Motion Sensor): 1.00
[DCP SERVER] Received from device 3 (Door Lock): 0.00
[DCP SERVER] Received from device 4 (Humidity Sensor): 80.00
[DCP SERVER] Received from device 5 (Light Sensor): 729.00
[DCP SERVER] Received from device 0 (Temperature Sensor): 28.00
[DCP SERVER] Received from device 1 (Smoke Detector): 13.00
[DCP SERVER] Received from device 2 (Motion Sensor): 0.00
[DCP SERVER] Received from device 3 (Door Lock): 0.00
[DCP SERVER] Received from device 4 (Humidity Sensor): 63.00
[DCP SERVER] Received from device 5 (Light Sensor): 138.00
[DCP SERVER] Received from device 0 (Temperature Sensor): 15.00
[DCP SERVER] Received from device 1 (Smoke Detector): 83.00
[DCP SERVER] Received from device 2 (Motion Sensor): 1.00
[DCP SERVER] Received from device 3 (Door Lock): 0.00
[DCP SERVER] Received from device 4 (Humidity Sensor): 27.00
[DCP SERVER] Received from device 5 (Light Sensor): 556.00
[DCP SERVER] Received from device 0 (Temperature Sensor): 24.00
[DCP SERVER] Received from device 1 (Smoke Detector): 49.00
[DCP SERVER] Received from device 2 (Motion Sensor): 1.00
[DCP SERVER] Received from device 3 (Door Lock): 1.00
[DCP SERVER] Received from device 4 (Humidity Sensor): 50.00
[DCP SERVER] Received from device 5 (Light Sensor): 736.00
[DCP SERVER] Received from device 0 (Temperature Sensor): 19.00
[DCP SERVER] Received from device 1 (Smoke Detector): 42.00
[DCP SERVER] Received from device 2 (Motion Sensor): 1.00
[DCP SERVER] Received from device 3 (Door Lock): 1.00
[DCP SERVER] Received from device 4 (Humidity Sensor): 70.00
[DCP SERVER] Received from device 5 (Light Sensor): 383.00
[DCP SERVER] Received from device 0 (Temperature Sensor): 30.00
[DCP SERVER] Received from device 1 (Smoke Detector): 40.00
[DCP SERVER] Received from device 2 (Motion Sensor): 0.00
[DCP SERVER] Received from device 3 (Door Lock): 0.00
[DCP SERVER] Received from device 4 (Humidity Sensor): 30.00
[DCP SERVER] Received from device 5 (Light Sensor): 24.00
[DCP SERVER] Received from device 0 (Temperature Sensor): 15.00
[DCP SERVER] Received from device 1 (Smoke Detector): 95.00
[DCP SERVER] Received from device 2 (Motion Sensor): 1.00
[DCP SERVER] Received from device 3 (Door Lock): 1.00
[DCP SERVER] Received from device 4 (Humidity Sensor): 52.00
[DCP SERVER] Received from device 5 (Light Sensor): 619.00
[DCP SERVER] Received from device 0 (Temperature Sensor): 37.00
[DCP SERVER] Received from device 1 (Smoke Detector): 12.00
[DCP SERVER] Received from device 2 (Motion Sensor): 0.00
[DCP SERVER] Received from device 3 (Door Lock): 1.00
[DCP SERVER] Received from device 4 (Humidity Sensor): 45.00
[DCP SERVER] Received from device 5 (Light Sensor): 732.00
[DCP SERVER] Received from device 0 (Temperature Sensor): 24.00
[DCP SERVER] Received from device 1 (Smoke Detector): 96.00
[DCP SERVER] Received from device 2 (Motion Sensor): 0.00
[DCP SERVER] Received from device 3 (Door Lock): 0.00
[DCP SERVER] Received from device 4 (Humidity Sensor): 80.00
[DCP SERVER] Received from device 5 (Light Sensor): 380.00
[DCP SERVER] Received from device 0 (Temperature Sensor): 40.00
[DCP SERVER] Received from device 1 (Smoke Detector): 70.00
[DCP SERVER] Received from device 2 (Motion Sensor): 1.00
[DCP SERVER] Received from device 3 (Door Lock): 1.00
[DCP SERVER] Received from device 4 (Humidity Sensor): 50.00
[DCP SERVER] Received from device 5 (Light Sensor): 315.00
[DCP SERVER] Received from device 0 (Temperature Sensor): 49.00
[DCP SERVER] Received from device 1 (Smoke Detector): 30.00
[DCP SERVER] Received from device 2 (Motion Sensor): 0.00
[DCP SERVER] Received from device 3 (Door Lock): 0.00
[DCP SERVER] Received from device 4 (Humidity Sensor): 63.00
[DCP SERVER] Received from device 5 (Light Sensor): 71.00
[DCP SERVER] Received from device 0 (Temperature Sensor): 16.00
[DCP SERVER] Received from device 1 (Smoke Detector): 47.00
[DCP SERVER] Received from device 2 (Motion Sensor): 0.00
[DCP SERVER] Received from device 3 (Door Lock): 1.00
[DCP SERVER] Received from device 4 (Humidity Sensor): 20.00
[DCP SERVER] Received from device 5 (Light Sensor): 678.00
[DCP SERVER] Received from device 0 (Temperature Sensor): 45.00
[DCP SERVER] Received from device 1 (Smoke Detector): 36.00
[DCP SERVER] Received from device 2 (Motion Sensor): 1.00
[DCP SERVER] Received from device 3 (Door Lock): 1.00
[DCP SERVER] Received from device 4 (Humidity Sensor): 23.00
[DCP SERVER] Received from device 5 (Light Sensor): 80.00
[DCP SERVER] Received from device 0 (Temperature Sensor): 26.00
[DCP SERVER] Received from device 1 (Smoke Detector): 23.00
[DCP SERVER] Received from device 2 (Motion Sensor): 0.00
[DCP SERVER] Received from device 3 (Door Lock): 1.00
[DCP SERVER] Received from device 4 (Humidity Sensor): 27.00
[DCP SERVER] Received from device 5 (Light Sensor): 986.00
[DCP SERVER] Received from device 0 (Temperature Sensor): 26.00
[DCP SERVER] Received from device 1 (Smoke Detector): 7.00
[DCP SERVER] Received from device 2 (Motion Sensor): 0.00
[DCP SERVER] Received from device 3 (Door Lock): 0.00
[DCP SERVER] Received from device 4 (Humidity Sensor): 34.00
[DCP SERVER] Received from device 5 (Light Sensor): 578.00
[DCP SERVER] Received from device 0 (Temperature Sensor): 48.00
[DCP SERVER] Received from device 1 (Smoke Detector): 97.00
[DCP SERVER] Received from device 2 (Motion Sensor): 1.00
[DCP SERVER] Received from device 3 (Door Lock): 0.00
[DCP SERVER] Received from device 4 (Humidity Sensor): 53.00
[DCP SERVER] Received from device 5 (Light Sensor): 892.00
[DCP SERVER] Received from device 0 (Temperature Sensor): 19.00
[DCP SERVER] Received from device 1 (Smoke Detector): 66.00
[DCP SERVER] Received from device 2 (Motion Sensor): 0.00
[DCP SERVER] Received from device 3 (Door Lock): 0.00
[DCP SERVER] Received from device 4 (Humidity Sensor): 77.00
[DCP SERVER] Received from device 5 (Light Sensor): 708.00
[DCP 